<?xml version="1.0" encoding="UTF-8"?>
<!-- Generated by org.testng.reporters.JUnitReportReporter -->
<testsuite hostname="DESKTOP-KOJOBGV" failures="0" tests="1" name="sGrid.grid_new" time="33.098" errors="0" timestamp="2023-03-02T12:17:03 IST" skipped="0">
  <testcase classname="sGrid.grid_new" name="url" time="33.098"/>
  <system-out/>
</testsuite> <!-- sGrid.grid_new -->
