<?xml version="1.0" encoding="UTF-8"?>
<!-- Generated by org.testng.reporters.JUnitReportReporter -->
<testsuite hostname="DESKTOP-KOJOBGV" failures="0" tests="1" name="decryption.encript" time="0.542" errors="0" timestamp="2023-03-28T17:17:14 IST" skipped="0">
  <testcase classname="decryption.encript" name="encryptData" time="0.542"/>
  <system-out/>
</testsuite> <!-- decryption.encript -->
